  [1m[36m (33.5ms)[0m  [1mCREATE TABLE "schema_migrations" ("version" character varying NOT NULL) [0m
  [1m[35m (6.1ms)[0m  CREATE UNIQUE INDEX  "unique_schema_migrations" ON "schema_migrations"  ("version")
  [1m[36mActiveRecord::SchemaMigration Load (1.0ms)[0m  [1mSELECT "schema_migrations".* FROM "schema_migrations"[0m
  [1m[36mActiveRecord::SchemaMigration Load (0.5ms)[0m  [1mSELECT "schema_migrations".* FROM "schema_migrations"[0m
Migrating to CreateResults (20150423130336)
  [1m[35m (0.2ms)[0m  BEGIN
  [1m[36m (0.1ms)[0m  [1mROLLBACK[0m
  [1m[36mActiveRecord::SchemaMigration Load (0.5ms)[0m  [1mSELECT "schema_migrations".* FROM "schema_migrations"[0m
Migrating to CreateResults (20150423130336)
  [1m[35m (0.2ms)[0m  BEGIN
  [1m[36m (34.9ms)[0m  [1mCREATE TABLE "results" ("id" serial primary key, "source_link" character varying, "keyword" character varying, "value" character varying, "created_at" timestamp NOT NULL, "updated_at" timestamp NOT NULL) [0m
  [1m[35mSQL (0.6ms)[0m  INSERT INTO "schema_migrations" ("version") VALUES ($1)  [["version", "20150423130336"]]
  [1m[36m (1.7ms)[0m  [1mCOMMIT[0m
  [1m[35mActiveRecord::SchemaMigration Load (0.8ms)[0m  SELECT "schema_migrations".* FROM "schema_migrations"
  [1m[36m (3.1ms)[0m  [1mSELECT t2.oid::regclass::text AS to_table, a1.attname AS column, a2.attname AS primary_key, c.conname AS name, c.confupdtype AS on_update, c.confdeltype AS on_delete
FROM pg_constraint c
JOIN pg_class t1 ON c.conrelid = t1.oid
JOIN pg_class t2 ON c.confrelid = t2.oid
JOIN pg_attribute a1 ON a1.attnum = c.conkey[1] AND a1.attrelid = t1.oid
JOIN pg_attribute a2 ON a2.attnum = c.confkey[1] AND a2.attrelid = t2.oid
JOIN pg_namespace t3 ON c.connamespace = t3.oid
WHERE c.contype = 'f'
  AND t1.relname = 'results'
  AND t3.nspname = ANY (current_schemas(false))
ORDER BY c.conname
[0m
  [1m[36mActiveRecord::SchemaMigration Load (0.7ms)[0m  [1mSELECT "schema_migrations".* FROM "schema_migrations"[0m
Migrating to CreateActicles (20150423131549)
  [1m[35m (0.5ms)[0m  BEGIN
  [1m[36m (11.7ms)[0m  [1mCREATE TABLE "acticles" ("id" serial primary key, "request_link" character varying, "title" character varying, "article_id" character varying, "created_at" timestamp NOT NULL, "updated_at" timestamp NOT NULL) [0m
  [1m[35mSQL (0.3ms)[0m  INSERT INTO "schema_migrations" ("version") VALUES ($1)  [["version", "20150423131549"]]
  [1m[36m (2.0ms)[0m  [1mCOMMIT[0m
  [1m[35mActiveRecord::SchemaMigration Load (0.3ms)[0m  SELECT "schema_migrations".* FROM "schema_migrations"
  [1m[36m (4.4ms)[0m  [1mSELECT t2.oid::regclass::text AS to_table, a1.attname AS column, a2.attname AS primary_key, c.conname AS name, c.confupdtype AS on_update, c.confdeltype AS on_delete
FROM pg_constraint c
JOIN pg_class t1 ON c.conrelid = t1.oid
JOIN pg_class t2 ON c.confrelid = t2.oid
JOIN pg_attribute a1 ON a1.attnum = c.conkey[1] AND a1.attrelid = t1.oid
JOIN pg_attribute a2 ON a2.attnum = c.confkey[1] AND a2.attrelid = t2.oid
JOIN pg_namespace t3 ON c.connamespace = t3.oid
WHERE c.contype = 'f'
  AND t1.relname = 'acticles'
  AND t3.nspname = ANY (current_schemas(false))
ORDER BY c.conname
[0m
  [1m[35m (2.6ms)[0m  SELECT t2.oid::regclass::text AS to_table, a1.attname AS column, a2.attname AS primary_key, c.conname AS name, c.confupdtype AS on_update, c.confdeltype AS on_delete
FROM pg_constraint c
JOIN pg_class t1 ON c.conrelid = t1.oid
JOIN pg_class t2 ON c.confrelid = t2.oid
JOIN pg_attribute a1 ON a1.attnum = c.conkey[1] AND a1.attrelid = t1.oid
JOIN pg_attribute a2 ON a2.attnum = c.confkey[1] AND a2.attrelid = t2.oid
JOIN pg_namespace t3 ON c.connamespace = t3.oid
WHERE c.contype = 'f'
  AND t1.relname = 'results'
  AND t3.nspname = ANY (current_schemas(false))
ORDER BY c.conname



Started GET "/results" for 127.0.0.1 at 2015-04-23 14:30:55 +0100
  [1m[36mActiveRecord::SchemaMigration Load (0.7ms)[0m  [1mSELECT "schema_migrations".* FROM "schema_migrations"[0m
Processing by ResultsController#index as HTML
  [1m[35mResult Load (0.8ms)[0m  SELECT "results".* FROM "results"
  Rendered results/index.html.erb within layouts/application (16.0ms)
Completed 200 OK in 2137ms (Views: 2095.6ms | ActiveRecord: 1.7ms)


Started GET "/assets/acticles.self-e3b0c44298fc1c149afbf4c8996fb92427ae41e4649b934ca495991b7852b855.css?body=1" for 127.0.0.1 at 2015-04-23 14:30:57 +0100


Started GET "/assets/results.self-e3b0c44298fc1c149afbf4c8996fb92427ae41e4649b934ca495991b7852b855.css?body=1" for 127.0.0.1 at 2015-04-23 14:30:58 +0100


Started GET "/assets/scaffolds.self-c5c6901d03b94a8c1230050598befbdd116b59fdd4ae0eff14dcbbdc37ce1d98.css?body=1" for 127.0.0.1 at 2015-04-23 14:30:58 +0100


Started GET "/assets/acticles.self-877aef30ae1b040ab8a3aba4e3e309a11d7f2612f44dde450b5c157aa5f95c05.js?body=1" for 127.0.0.1 at 2015-04-23 14:30:58 +0100


Started GET "/assets/results.self-877aef30ae1b040ab8a3aba4e3e309a11d7f2612f44dde450b5c157aa5f95c05.js?body=1" for 127.0.0.1 at 2015-04-23 14:30:58 +0100


Started GET "/acticles" for 127.0.0.1 at 2015-04-23 14:31:07 +0100
Processing by ActiclesController#index as HTML
  [1m[36mActicle Load (1.1ms)[0m  [1mSELECT "acticles".* FROM "acticles"[0m
  Rendered acticles/index.html.erb within layouts/application (12.6ms)
Completed 200 OK in 78ms (Views: 70.4ms | ActiveRecord: 2.7ms)


Started GET "/acticles" for 127.0.0.1 at 2015-04-23 14:39:21 +0100
  [1m[36mActiveRecord::SchemaMigration Load (0.9ms)[0m  [1mSELECT "schema_migrations".* FROM "schema_migrations"[0m
Processing by ActiclesController#index as HTML
  [1m[35mActicle Load (0.9ms)[0m  SELECT "acticles".* FROM "acticles"
  Rendered acticles/index.html.erb within layouts/application (10.5ms)
Completed 200 OK in 306ms (Views: 282.0ms | ActiveRecord: 2.1ms)


Started GET "/assets/acticles.self-e3b0c44298fc1c149afbf4c8996fb92427ae41e4649b934ca495991b7852b855.css?body=1" for 127.0.0.1 at 2015-04-23 14:39:21 +0100


Started GET "/assets/results.self-e3b0c44298fc1c149afbf4c8996fb92427ae41e4649b934ca495991b7852b855.css?body=1" for 127.0.0.1 at 2015-04-23 14:39:21 +0100


Started GET "/assets/scaffolds.self-c5c6901d03b94a8c1230050598befbdd116b59fdd4ae0eff14dcbbdc37ce1d98.css?body=1" for 127.0.0.1 at 2015-04-23 14:39:21 +0100


Started GET "/assets/jquery_ujs.self-8e98a7a072a6cee1372d19fff9ff3e6aa1e39a37d89d6f06861637d061113ee7.js?body=1" for 127.0.0.1 at 2015-04-23 14:39:21 +0100


Started GET "/assets/jquery.self-d03a5518f45df77341bdbe6201ba3bfa547ebba8ed64f0ea56bfa5f96ea7c074.js?body=1" for 127.0.0.1 at 2015-04-23 14:39:21 +0100


Started GET "/assets/turbolinks.self-c37727e9bd6b2735da5c311aa83fead54ed0be6cc8bd9a65309e9c5abe2cbfff.js?body=1" for 127.0.0.1 at 2015-04-23 14:39:21 +0100


Started GET "/assets/application.self-e80e8f2318043e8af94dddc2adad5a4f09739a8ebb323b3ab31cd71d45fd9113.css?body=1" for 127.0.0.1 at 2015-04-23 14:39:21 +0100


Started GET "/assets/acticles.self-877aef30ae1b040ab8a3aba4e3e309a11d7f2612f44dde450b5c157aa5f95c05.js?body=1" for 127.0.0.1 at 2015-04-23 14:39:21 +0100


Started GET "/assets/results.self-877aef30ae1b040ab8a3aba4e3e309a11d7f2612f44dde450b5c157aa5f95c05.js?body=1" for 127.0.0.1 at 2015-04-23 14:39:21 +0100


Started GET "/assets/application.self-3a3c8b61bda630ee689740ce7cbd0dd8ea6fdd45e2c42eef4661ab38cf268afe.js?body=1" for 127.0.0.1 at 2015-04-23 14:39:21 +0100


Started GET "/acticles/search" for 127.0.0.1 at 2015-04-23 14:39:23 +0100
Processing by ActiclesController#search as HTML
  Rendered acticles/search.html.erb within layouts/application (0.4ms)
Completed 200 OK in 45ms (Views: 44.2ms | ActiveRecord: 0.0ms)


Started GET "/acticles/search" for 127.0.0.1 at 2015-04-23 17:20:24 +0100
Processing by ActiclesController#search as HTML
  Rendered acticles/search.html.erb within layouts/application (1.8ms)
Completed 200 OK in 82ms (Views: 77.7ms | ActiveRecord: 0.0ms)


Started GET "/assets/acticles.self-e3b0c44298fc1c149afbf4c8996fb92427ae41e4649b934ca495991b7852b855.css?body=1" for 127.0.0.1 at 2015-04-23 17:20:25 +0100


Started GET "/assets/results.self-e3b0c44298fc1c149afbf4c8996fb92427ae41e4649b934ca495991b7852b855.css?body=1" for 127.0.0.1 at 2015-04-23 17:20:25 +0100


Started GET "/assets/scaffolds.self-c5c6901d03b94a8c1230050598befbdd116b59fdd4ae0eff14dcbbdc37ce1d98.css?body=1" for 127.0.0.1 at 2015-04-23 17:20:25 +0100


Started GET "/assets/jquery_ujs.self-8e98a7a072a6cee1372d19fff9ff3e6aa1e39a37d89d6f06861637d061113ee7.js?body=1" for 127.0.0.1 at 2015-04-23 17:20:25 +0100


Started GET "/assets/turbolinks.self-c37727e9bd6b2735da5c311aa83fead54ed0be6cc8bd9a65309e9c5abe2cbfff.js?body=1" for 127.0.0.1 at 2015-04-23 17:20:25 +0100


Started GET "/assets/jquery.self-d03a5518f45df77341bdbe6201ba3bfa547ebba8ed64f0ea56bfa5f96ea7c074.js?body=1" for 127.0.0.1 at 2015-04-23 17:20:25 +0100


Started GET "/assets/application.self-e80e8f2318043e8af94dddc2adad5a4f09739a8ebb323b3ab31cd71d45fd9113.css?body=1" for 127.0.0.1 at 2015-04-23 17:20:25 +0100


Started GET "/assets/acticles.self-877aef30ae1b040ab8a3aba4e3e309a11d7f2612f44dde450b5c157aa5f95c05.js?body=1" for 127.0.0.1 at 2015-04-23 17:20:25 +0100


Started GET "/assets/results.self-877aef30ae1b040ab8a3aba4e3e309a11d7f2612f44dde450b5c157aa5f95c05.js?body=1" for 127.0.0.1 at 2015-04-23 17:20:25 +0100


Started GET "/assets/application.self-3a3c8b61bda630ee689740ce7cbd0dd8ea6fdd45e2c42eef4661ab38cf268afe.js?body=1" for 127.0.0.1 at 2015-04-23 17:20:25 +0100


Started GET "/acticles/search" for 127.0.0.1 at 2015-04-23 17:21:38 +0100
Processing by ActiclesController#search as HTML
  Rendered acticles/search.html.erb within layouts/application (2.7ms)
Completed 200 OK in 67ms (Views: 65.7ms | ActiveRecord: 0.0ms)


Started GET "/assets/acticles.self-e3b0c44298fc1c149afbf4c8996fb92427ae41e4649b934ca495991b7852b855.css?body=1" for 127.0.0.1 at 2015-04-23 17:21:38 +0100


Started GET "/assets/results.self-e3b0c44298fc1c149afbf4c8996fb92427ae41e4649b934ca495991b7852b855.css?body=1" for 127.0.0.1 at 2015-04-23 17:21:38 +0100


Started GET "/assets/scaffolds.self-c5c6901d03b94a8c1230050598befbdd116b59fdd4ae0eff14dcbbdc37ce1d98.css?body=1" for 127.0.0.1 at 2015-04-23 17:21:38 +0100


Started GET "/assets/application.self-e80e8f2318043e8af94dddc2adad5a4f09739a8ebb323b3ab31cd71d45fd9113.css?body=1" for 127.0.0.1 at 2015-04-23 17:21:39 +0100


Started GET "/assets/acticles.self-877aef30ae1b040ab8a3aba4e3e309a11d7f2612f44dde450b5c157aa5f95c05.js?body=1" for 127.0.0.1 at 2015-04-23 17:21:39 +0100


Started GET "/assets/turbolinks.self-c37727e9bd6b2735da5c311aa83fead54ed0be6cc8bd9a65309e9c5abe2cbfff.js?body=1" for 127.0.0.1 at 2015-04-23 17:21:39 +0100


Started GET "/assets/jquery_ujs.self-8e98a7a072a6cee1372d19fff9ff3e6aa1e39a37d89d6f06861637d061113ee7.js?body=1" for 127.0.0.1 at 2015-04-23 17:21:39 +0100


Started GET "/assets/results.self-877aef30ae1b040ab8a3aba4e3e309a11d7f2612f44dde450b5c157aa5f95c05.js?body=1" for 127.0.0.1 at 2015-04-23 17:21:39 +0100


Started GET "/assets/jquery.self-d03a5518f45df77341bdbe6201ba3bfa547ebba8ed64f0ea56bfa5f96ea7c074.js?body=1" for 127.0.0.1 at 2015-04-23 17:21:39 +0100


Started GET "/assets/application.self-3a3c8b61bda630ee689740ce7cbd0dd8ea6fdd45e2c42eef4661ab38cf268afe.js?body=1" for 127.0.0.1 at 2015-04-23 17:21:39 +0100


Started GET "/acticles/search?utf8=%E2%9C%93&search=i257" for 127.0.0.1 at 2015-04-23 17:21:41 +0100
Processing by ActiclesController#search as HTML
  Parameters: {"utf8"=>"✓", "search"=>"i257"}
  Rendered acticles/search.html.erb within layouts/application (0.4ms)
Completed 200 OK in 53ms (Views: 52.0ms | ActiveRecord: 0.0ms)


Started GET "/acticles/search?utf8=%E2%9C%93&search=i257" for 127.0.0.1 at 2015-04-23 17:30:03 +0100
Processing by ActiclesController#search as HTML
  Parameters: {"utf8"=>"✓", "search"=>"i257"}
Completed 500 Internal Server Error in 5ms (ActiveRecord: 0.0ms)

NameError (uninitialized constant ActiclesController::Mechanize):
  app/controllers/acticles_controller.rb:66:in `search'


  Rendered /home/yunxuan/.rvm/gems/ruby-2.1.3/gems/actionpack-4.2.1.rc3/lib/action_dispatch/middleware/templates/rescues/_source.erb (9.8ms)
  Rendered /home/yunxuan/.rvm/gems/ruby-2.1.3/gems/actionpack-4.2.1.rc3/lib/action_dispatch/middleware/templates/rescues/_trace.html.erb (3.8ms)
  Rendered /home/yunxuan/.rvm/gems/ruby-2.1.3/gems/actionpack-4.2.1.rc3/lib/action_dispatch/middleware/templates/rescues/_request_and_response.html.erb (2.2ms)
  Rendered /home/yunxuan/.rvm/gems/ruby-2.1.3/gems/actionpack-4.2.1.rc3/lib/action_dispatch/middleware/templates/rescues/diagnostics.html.erb within rescues/layout (57.2ms)
  Rendered /home/yunxuan/.rvm/gems/ruby-2.1.3/gems/web-console-2.1.2/lib/web_console/templates/_markup.html.erb (0.5ms)
  Rendered /home/yunxuan/.rvm/gems/ruby-2.1.3/gems/web-console-2.1.2/lib/web_console/templates/style.css.erb within layouts/inlined_string (0.9ms)
  Rendered /home/yunxuan/.rvm/gems/ruby-2.1.3/gems/web-console-2.1.2/lib/web_console/templates/_inner_console_markup.html.erb within layouts/inlined_string (1.0ms)
  Rendered /home/yunxuan/.rvm/gems/ruby-2.1.3/gems/web-console-2.1.2/lib/web_console/templates/_prompt_box_markup.html.erb within layouts/inlined_string (1.4ms)
  Rendered /home/yunxuan/.rvm/gems/ruby-2.1.3/gems/web-console-2.1.2/lib/web_console/templates/console.js.erb within layouts/javascript (53.5ms)
  Rendered /home/yunxuan/.rvm/gems/ruby-2.1.3/gems/web-console-2.1.2/lib/web_console/templates/main.js.erb within layouts/javascript (0.7ms)
  Rendered /home/yunxuan/.rvm/gems/ruby-2.1.3/gems/web-console-2.1.2/lib/web_console/templates/error_page.js.erb within layouts/javascript (0.8ms)
  Rendered /home/yunxuan/.rvm/gems/ruby-2.1.3/gems/web-console-2.1.2/lib/web_console/templates/index.html.erb (118.4ms)


Started GET "/acticles/search?utf8=%E2%9C%93&search=i257" for 127.0.0.1 at 2015-04-23 17:31:15 +0100
Processing by ActiclesController#search as HTML
  Parameters: {"utf8"=>"✓", "search"=>"i257"}
Completed 500 Internal Server Error in 6ms (ActiveRecord: 0.0ms)

NameError (uninitialized constant ActiclesController::Mechanize):
  app/controllers/acticles_controller.rb:66:in `search'


  Rendered /home/yunxuan/.rvm/gems/ruby-2.1.3/gems/actionpack-4.2.1.rc3/lib/action_dispatch/middleware/templates/rescues/_source.erb (22.6ms)
  Rendered /home/yunxuan/.rvm/gems/ruby-2.1.3/gems/actionpack-4.2.1.rc3/lib/action_dispatch/middleware/templates/rescues/_trace.html.erb (3.3ms)
  Rendered /home/yunxuan/.rvm/gems/ruby-2.1.3/gems/actionpack-4.2.1.rc3/lib/action_dispatch/middleware/templates/rescues/_request_and_response.html.erb (3.9ms)
  Rendered /home/yunxuan/.rvm/gems/ruby-2.1.3/gems/actionpack-4.2.1.rc3/lib/action_dispatch/middleware/templates/rescues/diagnostics.html.erb within rescues/layout (48.6ms)
  Rendered /home/yunxuan/.rvm/gems/ruby-2.1.3/gems/web-console-2.1.2/lib/web_console/templates/_markup.html.erb (0.8ms)
  Rendered /home/yunxuan/.rvm/gems/ruby-2.1.3/gems/web-console-2.1.2/lib/web_console/templates/style.css.erb within layouts/inlined_string (0.6ms)
  Rendered /home/yunxuan/.rvm/gems/ruby-2.1.3/gems/web-console-2.1.2/lib/web_console/templates/_inner_console_markup.html.erb within layouts/inlined_string (0.6ms)
  Rendered /home/yunxuan/.rvm/gems/ruby-2.1.3/gems/web-console-2.1.2/lib/web_console/templates/_prompt_box_markup.html.erb within layouts/inlined_string (0.6ms)
  Rendered /home/yunxuan/.rvm/gems/ruby-2.1.3/gems/web-console-2.1.2/lib/web_console/templates/console.js.erb within layouts/javascript (27.0ms)
  Rendered /home/yunxuan/.rvm/gems/ruby-2.1.3/gems/web-console-2.1.2/lib/web_console/templates/main.js.erb within layouts/javascript (0.5ms)
  Rendered /home/yunxuan/.rvm/gems/ruby-2.1.3/gems/web-console-2.1.2/lib/web_console/templates/error_page.js.erb within layouts/javascript (0.9ms)
  Rendered /home/yunxuan/.rvm/gems/ruby-2.1.3/gems/web-console-2.1.2/lib/web_console/templates/index.html.erb (58.1ms)


Started GET "/acticles/search" for 127.0.0.1 at 2015-04-23 17:32:22 +0100
  [1m[36mActiveRecord::SchemaMigration Load (0.8ms)[0m  [1mSELECT "schema_migrations".* FROM "schema_migrations"[0m
Processing by ActiclesController#search as HTML
Completed 500 Internal Server Error in 919ms (ActiveRecord: 0.0ms)

Mechanize::ResponseCodeError (500 => Net::HTTPInternalServerError for http://api.beta.dowjones.com/api/public/2.0/Content/Headlines/json?SearchString=(in=%20and%20ns=NFCPIN%20and%20rst=(TMNB%20or%20TNWP%20or%20TFCP%20or%20i257)%20and%20wc%3E700)%20or%20ns=REQRPH&searchmode=Traditional&Records=100&DeDuplicationLevel=NearExact&LanguageCode=en&SortBy=DisplayDateTime&SortOrder=Descending&encryptedToken=S00ZGV71GFm0TEnMXmnOHmnNDIvN9avODQt5DByWa3WNpFHRcqmVEVkTVFBQUFBQUFBQUFBQUFBQUFBQUFBQUFBQUFBQUFBQUEA -- unhandled response):
  app/controllers/acticles_controller.rb:67:in `search'


  Rendered /home/yunxuan/.rvm/gems/ruby-2.1.3/gems/actionpack-4.2.1.rc3/lib/action_dispatch/middleware/templates/rescues/_source.erb (5.5ms)
  Rendered /home/yunxuan/.rvm/gems/ruby-2.1.3/gems/actionpack-4.2.1.rc3/lib/action_dispatch/middleware/templates/rescues/_trace.html.erb (3.7ms)
  Rendered /home/yunxuan/.rvm/gems/ruby-2.1.3/gems/actionpack-4.2.1.rc3/lib/action_dispatch/middleware/templates/rescues/_request_and_response.html.erb (1.5ms)
  Rendered /home/yunxuan/.rvm/gems/ruby-2.1.3/gems/actionpack-4.2.1.rc3/lib/action_dispatch/middleware/templates/rescues/diagnostics.html.erb within rescues/layout (29.5ms)
  Rendered /home/yunxuan/.rvm/gems/ruby-2.1.3/gems/web-console-2.1.2/lib/web_console/templates/_markup.html.erb (1.0ms)
  Rendered /home/yunxuan/.rvm/gems/ruby-2.1.3/gems/web-console-2.1.2/lib/web_console/templates/style.css.erb within layouts/inlined_string (0.8ms)
  Rendered /home/yunxuan/.rvm/gems/ruby-2.1.3/gems/web-console-2.1.2/lib/web_console/templates/_inner_console_markup.html.erb within layouts/inlined_string (1.4ms)
  Rendered /home/yunxuan/.rvm/gems/ruby-2.1.3/gems/web-console-2.1.2/lib/web_console/templates/_prompt_box_markup.html.erb within layouts/inlined_string (0.7ms)
  Rendered /home/yunxuan/.rvm/gems/ruby-2.1.3/gems/web-console-2.1.2/lib/web_console/templates/console.js.erb within layouts/javascript (27.1ms)
  Rendered /home/yunxuan/.rvm/gems/ruby-2.1.3/gems/web-console-2.1.2/lib/web_console/templates/main.js.erb within layouts/javascript (0.5ms)
  Rendered /home/yunxuan/.rvm/gems/ruby-2.1.3/gems/web-console-2.1.2/lib/web_console/templates/error_page.js.erb within layouts/javascript (0.8ms)
  Rendered /home/yunxuan/.rvm/gems/ruby-2.1.3/gems/web-console-2.1.2/lib/web_console/templates/index.html.erb (63.5ms)


Started GET "/acticles/search" for 127.0.0.1 at 2015-04-23 17:34:55 +0100
Processing by ActiclesController#search as HTML
  Rendered acticles/search.html.erb within layouts/application (3.0ms)
Completed 200 OK in 3803ms (Views: 278.5ms | ActiveRecord: 0.0ms)


Started GET "/assets/acticles.self-e3b0c44298fc1c149afbf4c8996fb92427ae41e4649b934ca495991b7852b855.css?body=1" for 127.0.0.1 at 2015-04-23 17:34:59 +0100


Started GET "/assets/application.self-e80e8f2318043e8af94dddc2adad5a4f09739a8ebb323b3ab31cd71d45fd9113.css?body=1" for 127.0.0.1 at 2015-04-23 17:34:59 +0100


Started GET "/assets/results.self-e3b0c44298fc1c149afbf4c8996fb92427ae41e4649b934ca495991b7852b855.css?body=1" for 127.0.0.1 at 2015-04-23 17:34:59 +0100


Started GET "/assets/jquery.self-d03a5518f45df77341bdbe6201ba3bfa547ebba8ed64f0ea56bfa5f96ea7c074.js?body=1" for 127.0.0.1 at 2015-04-23 17:34:59 +0100


Started GET "/assets/scaffolds.self-c5c6901d03b94a8c1230050598befbdd116b59fdd4ae0eff14dcbbdc37ce1d98.css?body=1" for 127.0.0.1 at 2015-04-23 17:34:59 +0100


Started GET "/assets/jquery_ujs.self-8e98a7a072a6cee1372d19fff9ff3e6aa1e39a37d89d6f06861637d061113ee7.js?body=1" for 127.0.0.1 at 2015-04-23 17:34:59 +0100


Started GET "/assets/turbolinks.self-c37727e9bd6b2735da5c311aa83fead54ed0be6cc8bd9a65309e9c5abe2cbfff.js?body=1" for 127.0.0.1 at 2015-04-23 17:34:59 +0100


Started GET "/assets/acticles.self-877aef30ae1b040ab8a3aba4e3e309a11d7f2612f44dde450b5c157aa5f95c05.js?body=1" for 127.0.0.1 at 2015-04-23 17:34:59 +0100


Started GET "/assets/results.self-877aef30ae1b040ab8a3aba4e3e309a11d7f2612f44dde450b5c157aa5f95c05.js?body=1" for 127.0.0.1 at 2015-04-23 17:34:59 +0100


Started GET "/assets/application.self-3a3c8b61bda630ee689740ce7cbd0dd8ea6fdd45e2c42eef4661ab38cf268afe.js?body=1" for 127.0.0.1 at 2015-04-23 17:34:59 +0100


Started GET "/acticles/search" for 127.0.0.1 at 2015-04-23 17:35:55 +0100
Processing by ActiclesController#search as HTML
  Rendered acticles/search.html.erb within layouts/application (2.2ms)
Completed 200 OK in 3645ms (Views: 52.1ms | ActiveRecord: 0.0ms)


Started GET "/assets/acticles.self-e3b0c44298fc1c149afbf4c8996fb92427ae41e4649b934ca495991b7852b855.css?body=1" for 127.0.0.1 at 2015-04-23 17:35:59 +0100


Started GET "/assets/results.self-e3b0c44298fc1c149afbf4c8996fb92427ae41e4649b934ca495991b7852b855.css?body=1" for 127.0.0.1 at 2015-04-23 17:35:59 +0100


Started GET "/assets/scaffolds.self-c5c6901d03b94a8c1230050598befbdd116b59fdd4ae0eff14dcbbdc37ce1d98.css?body=1" for 127.0.0.1 at 2015-04-23 17:35:59 +0100


Started GET "/assets/application.self-e80e8f2318043e8af94dddc2adad5a4f09739a8ebb323b3ab31cd71d45fd9113.css?body=1" for 127.0.0.1 at 2015-04-23 17:35:59 +0100


Started GET "/assets/results.self-877aef30ae1b040ab8a3aba4e3e309a11d7f2612f44dde450b5c157aa5f95c05.js?body=1" for 127.0.0.1 at 2015-04-23 17:35:59 +0100


Started GET "/assets/jquery.self-d03a5518f45df77341bdbe6201ba3bfa547ebba8ed64f0ea56bfa5f96ea7c074.js?body=1" for 127.0.0.1 at 2015-04-23 17:35:59 +0100


Started GET "/assets/turbolinks.self-c37727e9bd6b2735da5c311aa83fead54ed0be6cc8bd9a65309e9c5abe2cbfff.js?body=1" for 127.0.0.1 at 2015-04-23 17:35:59 +0100


Started GET "/assets/jquery_ujs.self-8e98a7a072a6cee1372d19fff9ff3e6aa1e39a37d89d6f06861637d061113ee7.js?body=1" for 127.0.0.1 at 2015-04-23 17:35:59 +0100


Started GET "/assets/acticles.self-877aef30ae1b040ab8a3aba4e3e309a11d7f2612f44dde450b5c157aa5f95c05.js?body=1" for 127.0.0.1 at 2015-04-23 17:35:59 +0100


Started GET "/assets/application.self-3a3c8b61bda630ee689740ce7cbd0dd8ea6fdd45e2c42eef4661ab38cf268afe.js?body=1" for 127.0.0.1 at 2015-04-23 17:35:59 +0100


Started GET "/acticles/search" for 127.0.0.1 at 2015-04-23 17:37:39 +0100
Processing by ActiclesController#search as HTML
  Rendered acticles/search.html.erb within layouts/application (2.4ms)
Completed 200 OK in 2943ms (Views: 56.7ms | ActiveRecord: 0.0ms)


Started GET "/assets/acticles.self-e3b0c44298fc1c149afbf4c8996fb92427ae41e4649b934ca495991b7852b855.css?body=1" for 127.0.0.1 at 2015-04-23 17:37:42 +0100


Started GET "/assets/results.self-e3b0c44298fc1c149afbf4c8996fb92427ae41e4649b934ca495991b7852b855.css?body=1" for 127.0.0.1 at 2015-04-23 17:37:42 +0100


Started GET "/assets/jquery.self-d03a5518f45df77341bdbe6201ba3bfa547ebba8ed64f0ea56bfa5f96ea7c074.js?body=1" for 127.0.0.1 at 2015-04-23 17:37:42 +0100


Started GET "/assets/scaffolds.self-c5c6901d03b94a8c1230050598befbdd116b59fdd4ae0eff14dcbbdc37ce1d98.css?body=1" for 127.0.0.1 at 2015-04-23 17:37:42 +0100


Started GET "/assets/application.self-e80e8f2318043e8af94dddc2adad5a4f09739a8ebb323b3ab31cd71d45fd9113.css?body=1" for 127.0.0.1 at 2015-04-23 17:37:42 +0100


Started GET "/assets/acticles.self-877aef30ae1b040ab8a3aba4e3e309a11d7f2612f44dde450b5c157aa5f95c05.js?body=1" for 127.0.0.1 at 2015-04-23 17:37:42 +0100


Started GET "/assets/jquery_ujs.self-8e98a7a072a6cee1372d19fff9ff3e6aa1e39a37d89d6f06861637d061113ee7.js?body=1" for 127.0.0.1 at 2015-04-23 17:37:42 +0100


Started GET "/assets/turbolinks.self-c37727e9bd6b2735da5c311aa83fead54ed0be6cc8bd9a65309e9c5abe2cbfff.js?body=1" for 127.0.0.1 at 2015-04-23 17:37:42 +0100


Started GET "/assets/results.self-877aef30ae1b040ab8a3aba4e3e309a11d7f2612f44dde450b5c157aa5f95c05.js?body=1" for 127.0.0.1 at 2015-04-23 17:37:42 +0100


Started GET "/assets/application.self-3a3c8b61bda630ee689740ce7cbd0dd8ea6fdd45e2c42eef4661ab38cf268afe.js?body=1" for 127.0.0.1 at 2015-04-23 17:37:42 +0100


Started GET "/acticles/search" for 127.0.0.1 at 2015-04-23 17:40:25 +0100
Processing by ActiclesController#search as HTML
  Rendered acticles/search.html.erb within layouts/application (2.3ms)
Completed 200 OK in 2861ms (Views: 47.8ms | ActiveRecord: 0.0ms)


Started GET "/assets/acticles.self-e3b0c44298fc1c149afbf4c8996fb92427ae41e4649b934ca495991b7852b855.css?body=1" for 127.0.0.1 at 2015-04-23 17:40:28 +0100


Started GET "/assets/scaffolds.self-c5c6901d03b94a8c1230050598befbdd116b59fdd4ae0eff14dcbbdc37ce1d98.css?body=1" for 127.0.0.1 at 2015-04-23 17:40:28 +0100


Started GET "/assets/application.self-e80e8f2318043e8af94dddc2adad5a4f09739a8ebb323b3ab31cd71d45fd9113.css?body=1" for 127.0.0.1 at 2015-04-23 17:40:28 +0100


Started GET "/assets/results.self-e3b0c44298fc1c149afbf4c8996fb92427ae41e4649b934ca495991b7852b855.css?body=1" for 127.0.0.1 at 2015-04-23 17:40:28 +0100


Started GET "/assets/jquery_ujs.self-8e98a7a072a6cee1372d19fff9ff3e6aa1e39a37d89d6f06861637d061113ee7.js?body=1" for 127.0.0.1 at 2015-04-23 17:40:28 +0100


Started GET "/assets/jquery.self-d03a5518f45df77341bdbe6201ba3bfa547ebba8ed64f0ea56bfa5f96ea7c074.js?body=1" for 127.0.0.1 at 2015-04-23 17:40:28 +0100


Started GET "/assets/turbolinks.self-c37727e9bd6b2735da5c311aa83fead54ed0be6cc8bd9a65309e9c5abe2cbfff.js?body=1" for 127.0.0.1 at 2015-04-23 17:40:28 +0100


Started GET "/assets/acticles.self-877aef30ae1b040ab8a3aba4e3e309a11d7f2612f44dde450b5c157aa5f95c05.js?body=1" for 127.0.0.1 at 2015-04-23 17:40:28 +0100


Started GET "/assets/results.self-877aef30ae1b040ab8a3aba4e3e309a11d7f2612f44dde450b5c157aa5f95c05.js?body=1" for 127.0.0.1 at 2015-04-23 17:40:28 +0100


Started GET "/assets/application.self-3a3c8b61bda630ee689740ce7cbd0dd8ea6fdd45e2c42eef4661ab38cf268afe.js?body=1" for 127.0.0.1 at 2015-04-23 17:40:28 +0100


Started GET "/acticles/search" for 127.0.0.1 at 2015-04-23 17:44:55 +0100
Processing by ActiclesController#search as HTML
  Rendered acticles/search.html.erb within layouts/application (2.2ms)
Completed 200 OK in 3183ms (Views: 54.9ms | ActiveRecord: 0.0ms)


Started GET "/assets/acticles.self-e3b0c44298fc1c149afbf4c8996fb92427ae41e4649b934ca495991b7852b855.css?body=1" for 127.0.0.1 at 2015-04-23 17:44:58 +0100


Started GET "/assets/results.self-e3b0c44298fc1c149afbf4c8996fb92427ae41e4649b934ca495991b7852b855.css?body=1" for 127.0.0.1 at 2015-04-23 17:44:58 +0100


Started GET "/assets/jquery.self-d03a5518f45df77341bdbe6201ba3bfa547ebba8ed64f0ea56bfa5f96ea7c074.js?body=1" for 127.0.0.1 at 2015-04-23 17:44:58 +0100


Started GET "/assets/application.self-e80e8f2318043e8af94dddc2adad5a4f09739a8ebb323b3ab31cd71d45fd9113.css?body=1" for 127.0.0.1 at 2015-04-23 17:44:58 +0100


Started GET "/assets/scaffolds.self-c5c6901d03b94a8c1230050598befbdd116b59fdd4ae0eff14dcbbdc37ce1d98.css?body=1" for 127.0.0.1 at 2015-04-23 17:44:58 +0100


Started GET "/assets/jquery_ujs.self-8e98a7a072a6cee1372d19fff9ff3e6aa1e39a37d89d6f06861637d061113ee7.js?body=1" for 127.0.0.1 at 2015-04-23 17:44:58 +0100


Started GET "/assets/turbolinks.self-c37727e9bd6b2735da5c311aa83fead54ed0be6cc8bd9a65309e9c5abe2cbfff.js?body=1" for 127.0.0.1 at 2015-04-23 17:44:58 +0100


Started GET "/assets/acticles.self-877aef30ae1b040ab8a3aba4e3e309a11d7f2612f44dde450b5c157aa5f95c05.js?body=1" for 127.0.0.1 at 2015-04-23 17:44:58 +0100


Started GET "/assets/application.self-3a3c8b61bda630ee689740ce7cbd0dd8ea6fdd45e2c42eef4661ab38cf268afe.js?body=1" for 127.0.0.1 at 2015-04-23 17:44:58 +0100


Started GET "/assets/results.self-877aef30ae1b040ab8a3aba4e3e309a11d7f2612f44dde450b5c157aa5f95c05.js?body=1" for 127.0.0.1 at 2015-04-23 17:44:58 +0100


Started GET "/acticles/search?utf8=%E2%9C%93&search=i426" for 127.0.0.1 at 2015-04-23 17:45:32 +0100
Processing by ActiclesController#search as HTML
  Parameters: {"utf8"=>"✓", "search"=>"i426"}
Completed 500 Internal Server Error in 1ms (ActiveRecord: 0.0ms)

ArgumentError (wrong number of arguments (1 for 0)):
  app/controllers/acticles_controller.rb:64:in `search'
  app/controllers/acticles_controller.rb:70:in `search'


  Rendered /home/yunxuan/.rvm/gems/ruby-2.1.3/gems/actionpack-4.2.1.rc3/lib/action_dispatch/middleware/templates/rescues/_source.erb (5.3ms)
  Rendered /home/yunxuan/.rvm/gems/ruby-2.1.3/gems/actionpack-4.2.1.rc3/lib/action_dispatch/middleware/templates/rescues/_trace.html.erb (2.4ms)
  Rendered /home/yunxuan/.rvm/gems/ruby-2.1.3/gems/actionpack-4.2.1.rc3/lib/action_dispatch/middleware/templates/rescues/_request_and_response.html.erb (1.7ms)
  Rendered /home/yunxuan/.rvm/gems/ruby-2.1.3/gems/actionpack-4.2.1.rc3/lib/action_dispatch/middleware/templates/rescues/diagnostics.html.erb within rescues/layout (25.8ms)
  Rendered /home/yunxuan/.rvm/gems/ruby-2.1.3/gems/web-console-2.1.2/lib/web_console/templates/_markup.html.erb (0.5ms)
  Rendered /home/yunxuan/.rvm/gems/ruby-2.1.3/gems/web-console-2.1.2/lib/web_console/templates/style.css.erb within layouts/inlined_string (0.8ms)
  Rendered /home/yunxuan/.rvm/gems/ruby-2.1.3/gems/web-console-2.1.2/lib/web_console/templates/_inner_console_markup.html.erb within layouts/inlined_string (0.4ms)
  Rendered /home/yunxuan/.rvm/gems/ruby-2.1.3/gems/web-console-2.1.2/lib/web_console/templates/_prompt_box_markup.html.erb within layouts/inlined_string (0.3ms)
  Rendered /home/yunxuan/.rvm/gems/ruby-2.1.3/gems/web-console-2.1.2/lib/web_console/templates/console.js.erb within layouts/javascript (19.6ms)
  Rendered /home/yunxuan/.rvm/gems/ruby-2.1.3/gems/web-console-2.1.2/lib/web_console/templates/main.js.erb within layouts/javascript (1.1ms)
  Rendered /home/yunxuan/.rvm/gems/ruby-2.1.3/gems/web-console-2.1.2/lib/web_console/templates/error_page.js.erb within layouts/javascript (0.5ms)
  Rendered /home/yunxuan/.rvm/gems/ruby-2.1.3/gems/web-console-2.1.2/lib/web_console/templates/index.html.erb (42.5ms)


Started GET "/acticles/search?utf8=%E2%9C%93&search=i426" for 127.0.0.1 at 2015-04-23 17:45:40 +0100
Processing by ActiclesController#search as HTML
  Parameters: {"utf8"=>"✓", "search"=>"i426"}
Completed 500 Internal Server Error in 1ms (ActiveRecord: 0.0ms)

ArgumentError (wrong number of arguments (1 for 0)):
  app/controllers/acticles_controller.rb:64:in `search'
  app/controllers/acticles_controller.rb:70:in `search'


  Rendered /home/yunxuan/.rvm/gems/ruby-2.1.3/gems/actionpack-4.2.1.rc3/lib/action_dispatch/middleware/templates/rescues/_source.erb (8.3ms)
  Rendered /home/yunxuan/.rvm/gems/ruby-2.1.3/gems/actionpack-4.2.1.rc3/lib/action_dispatch/middleware/templates/rescues/_trace.html.erb (2.4ms)
  Rendered /home/yunxuan/.rvm/gems/ruby-2.1.3/gems/actionpack-4.2.1.rc3/lib/action_dispatch/middleware/templates/rescues/_request_and_response.html.erb (1.8ms)
  Rendered /home/yunxuan/.rvm/gems/ruby-2.1.3/gems/actionpack-4.2.1.rc3/lib/action_dispatch/middleware/templates/rescues/diagnostics.html.erb within rescues/layout (30.3ms)
  Rendered /home/yunxuan/.rvm/gems/ruby-2.1.3/gems/web-console-2.1.2/lib/web_console/templates/_markup.html.erb (0.4ms)
  Rendered /home/yunxuan/.rvm/gems/ruby-2.1.3/gems/web-console-2.1.2/lib/web_console/templates/style.css.erb within layouts/inlined_string (1.2ms)
  Rendered /home/yunxuan/.rvm/gems/ruby-2.1.3/gems/web-console-2.1.2/lib/web_console/templates/_inner_console_markup.html.erb within layouts/inlined_string (0.4ms)
  Rendered /home/yunxuan/.rvm/gems/ruby-2.1.3/gems/web-console-2.1.2/lib/web_console/templates/_prompt_box_markup.html.erb within layouts/inlined_string (0.6ms)
  Rendered /home/yunxuan/.rvm/gems/ruby-2.1.3/gems/web-console-2.1.2/lib/web_console/templates/console.js.erb within layouts/javascript (22.1ms)
  Rendered /home/yunxuan/.rvm/gems/ruby-2.1.3/gems/web-console-2.1.2/lib/web_console/templates/main.js.erb within layouts/javascript (0.4ms)
  Rendered /home/yunxuan/.rvm/gems/ruby-2.1.3/gems/web-console-2.1.2/lib/web_console/templates/error_page.js.erb within layouts/javascript (0.6ms)
  Rendered /home/yunxuan/.rvm/gems/ruby-2.1.3/gems/web-console-2.1.2/lib/web_console/templates/index.html.erb (43.9ms)


Started GET "/acticles/search?utf8=%E2%9C%93&search=i426" for 127.0.0.1 at 2015-04-23 17:47:04 +0100
Processing by ActiclesController#search as HTML
  Parameters: {"utf8"=>"✓", "search"=>"i426"}
Completed 500 Internal Server Error in 6ms (ActiveRecord: 0.0ms)

NoMethodError (undefined method `searchActicle' for #<ActiclesController:0x007f8f562f45f8>):
  app/controllers/acticles_controller.rb:70:in `search'


  Rendered /home/yunxuan/.rvm/gems/ruby-2.1.3/gems/actionpack-4.2.1.rc3/lib/action_dispatch/middleware/templates/rescues/_source.erb (6.5ms)
  Rendered /home/yunxuan/.rvm/gems/ruby-2.1.3/gems/actionpack-4.2.1.rc3/lib/action_dispatch/middleware/templates/rescues/_trace.html.erb (3.1ms)
  Rendered /home/yunxuan/.rvm/gems/ruby-2.1.3/gems/actionpack-4.2.1.rc3/lib/action_dispatch/middleware/templates/rescues/_request_and_response.html.erb (1.9ms)
  Rendered /home/yunxuan/.rvm/gems/ruby-2.1.3/gems/actionpack-4.2.1.rc3/lib/action_dispatch/middleware/templates/rescues/diagnostics.html.erb within rescues/layout (32.1ms)
  Rendered /home/yunxuan/.rvm/gems/ruby-2.1.3/gems/web-console-2.1.2/lib/web_console/templates/_markup.html.erb (0.5ms)
  Rendered /home/yunxuan/.rvm/gems/ruby-2.1.3/gems/web-console-2.1.2/lib/web_console/templates/style.css.erb within layouts/inlined_string (0.4ms)
  Rendered /home/yunxuan/.rvm/gems/ruby-2.1.3/gems/web-console-2.1.2/lib/web_console/templates/_inner_console_markup.html.erb within layouts/inlined_string (0.7ms)
  Rendered /home/yunxuan/.rvm/gems/ruby-2.1.3/gems/web-console-2.1.2/lib/web_console/templates/_prompt_box_markup.html.erb within layouts/inlined_string (0.4ms)
  Rendered /home/yunxuan/.rvm/gems/ruby-2.1.3/gems/web-console-2.1.2/lib/web_console/templates/console.js.erb within layouts/javascript (21.0ms)
  Rendered /home/yunxuan/.rvm/gems/ruby-2.1.3/gems/web-console-2.1.2/lib/web_console/templates/main.js.erb within layouts/javascript (0.8ms)
  Rendered /home/yunxuan/.rvm/gems/ruby-2.1.3/gems/web-console-2.1.2/lib/web_console/templates/error_page.js.erb within layouts/javascript (0.6ms)
  Rendered /home/yunxuan/.rvm/gems/ruby-2.1.3/gems/web-console-2.1.2/lib/web_console/templates/index.html.erb (46.1ms)


Started GET "/acticles/search?utf8=%E2%9C%93&search=i426" for 127.0.0.1 at 2015-04-23 17:51:09 +0100
Processing by ActiclesController#search as HTML
  Parameters: {"utf8"=>"✓", "search"=>"i426"}
  Rendered acticles/search.html.erb within layouts/application (1.2ms)
Completed 200 OK in 3201ms (Views: 44.2ms | ActiveRecord: 0.0ms)


Started GET "/acticles/search?utf8=%E2%9C%93&search=i426" for 127.0.0.1 at 2015-04-23 17:51:21 +0100
Processing by ActiclesController#search as HTML
  Parameters: {"utf8"=>"✓", "search"=>"i426"}
  Rendered acticles/search.html.erb within layouts/application (1.3ms)
Completed 200 OK in 3647ms (Views: 54.0ms | ActiveRecord: 0.0ms)


Started GET "/acticles/search?utf8=%E2%9C%93&search=i257" for 127.0.0.1 at 2015-04-23 17:51:33 +0100
Processing by ActiclesController#search as HTML
  Parameters: {"utf8"=>"✓", "search"=>"i257"}
  Rendered acticles/search.html.erb within layouts/application (2.5ms)
Completed 200 OK in 3640ms (Views: 57.4ms | ActiveRecord: 0.0ms)


Started GET "/acticles/search?utf8=%E2%9C%93&search=i257" for 127.0.0.1 at 2015-04-23 17:52:43 +0100
Processing by ActiclesController#search as HTML
  Parameters: {"utf8"=>"✓", "search"=>"i257"}
  Rendered acticles/search.html.erb within layouts/application (0.9ms)
Completed 200 OK in 1325ms (Views: 41.1ms | ActiveRecord: 0.0ms)


Started GET "/assets/acticles.self-e3b0c44298fc1c149afbf4c8996fb92427ae41e4649b934ca495991b7852b855.css?body=1" for 127.0.0.1 at 2015-04-23 17:52:45 +0100


Started GET "/assets/results.self-e3b0c44298fc1c149afbf4c8996fb92427ae41e4649b934ca495991b7852b855.css?body=1" for 127.0.0.1 at 2015-04-23 17:52:45 +0100


Started GET "/assets/turbolinks.self-c37727e9bd6b2735da5c311aa83fead54ed0be6cc8bd9a65309e9c5abe2cbfff.js?body=1" for 127.0.0.1 at 2015-04-23 17:52:45 +0100


Started GET "/assets/application.self-e80e8f2318043e8af94dddc2adad5a4f09739a8ebb323b3ab31cd71d45fd9113.css?body=1" for 127.0.0.1 at 2015-04-23 17:52:45 +0100


Started GET "/assets/acticles.self-877aef30ae1b040ab8a3aba4e3e309a11d7f2612f44dde450b5c157aa5f95c05.js?body=1" for 127.0.0.1 at 2015-04-23 17:52:45 +0100


Started GET "/assets/jquery_ujs.self-8e98a7a072a6cee1372d19fff9ff3e6aa1e39a37d89d6f06861637d061113ee7.js?body=1" for 127.0.0.1 at 2015-04-23 17:52:45 +0100


Started GET "/assets/jquery.self-d03a5518f45df77341bdbe6201ba3bfa547ebba8ed64f0ea56bfa5f96ea7c074.js?body=1" for 127.0.0.1 at 2015-04-23 17:52:45 +0100


Started GET "/assets/scaffolds.self-c5c6901d03b94a8c1230050598befbdd116b59fdd4ae0eff14dcbbdc37ce1d98.css?body=1" for 127.0.0.1 at 2015-04-23 17:52:45 +0100


Started GET "/assets/results.self-877aef30ae1b040ab8a3aba4e3e309a11d7f2612f44dde450b5c157aa5f95c05.js?body=1" for 127.0.0.1 at 2015-04-23 17:52:45 +0100


Started GET "/assets/application.self-3a3c8b61bda630ee689740ce7cbd0dd8ea6fdd45e2c42eef4661ab38cf268afe.js?body=1" for 127.0.0.1 at 2015-04-23 17:52:45 +0100
